*******************************************************************
*                              BEDIT    2.0                        *
*                            Forrest Bentley                      *
*******************************************************************
Opening MenuFile
Opening WindowFile
Creating Window Object string [Demo_Font_WIN]
Creating Window Object string [Demo_Font_CText_GBOBJ]
Creating Window Object string [Demo_Font_BText_GBOBJ]
Creating Window Object string [Demo_Font_FText_GBOBJ]
Creating Window Object string [Demo_Font_Text_STTXT]
Creating Window Object string [Demo_Font_List_LBOBJ]
Creating Window Object string [Demo_Font_MLE_MLOBJ]
Creating Window Object string [Demo_Font_Rectangle_STTXT]
Creating Window Object string [Demo_Timer_WIN]
Creating Window Object string [Demo_Font_Text_GBOBJ]
Creating Window Object string [Demo_Message_WIN]
Creating Window Object string [Demo_Message_TText_GBOBJ]
Creating Window Object string [Demo_Message_Error_RBOBJ]
Creating Window Object string [Demo_Message_Warning_RBOBJ]
Creating Window Object string [Demo_Message_Info_RBOBJ]
Creating Window Object string [Demo_Message_Question_RBOBJ]
Creating Window Object string [Demo_Message_BText_GBOBJ]
Creating Window Object string [Demo_Message_OK_RBOBJ]
Creating Window Object string [Demo_Message_Okcancel_RBOBJ]
Creating Window Object string [Demo_Message_Yesno_RBOBJ]
Creating Window Object string [Demo_Message_Yesnocancel_RBOBJ]
Creating Window Object string [Demo_Message_Enter_RBOBJ]
Creating Window Object string [Demo_Sound_WIN]
Creating Window Object string [Demo_Protect_WIN]
Creating Window Object string [Demo_Protect_Password_STTXT]
Creating Window Object string [Demo_Protect_Menu_CBOBJ]
Creating Window Object string [Demo_Edit_WIN]
Creating Window Object string [Demo_Edit_Text_STTXT]
Creating Window Object string [Demo_Edit_Alpha_STTXT]
Creating Window Object string [Demo_Edit_Numeric_STTXT]
Creating Window Object string [Demo_Edit_Upper_STTXT]
Creating Window Object string [Demo_Edit_Lower_STTXT]
Creating Window Object string [Demo_Edit_Mixed_STTXT]
Creating Window Object string [Demo_Edit_Date_STTXT]
Creating Window Object string [Demo_Edit_Dollar_STTXT]
Creating Window Object string [Demo_Edit_Telephone_STTXT]
Creating Window Object string [Demo_Math_WIN]
Creating Window Object string [Demo_Math_Integer1_STTXT]
Creating Window Object string [Demo_Math_Integer2_STTXT]
Creating Window Object string [Demo_Math_I1Sum_EFOBJ]
Creating Window Object string [Demo_Math_I2Sum_EFOBJ]
Creating Window Object string [Demo_Math_ISumResult_EFOBJ]
Creating Window Object string [Demo_Math_I1Sub_EFOBJ]
Creating Window Object string [Demo_Math_I2Sub_EFOBJ]
Creating Window Object string [Demo_Math_ISubResult_EFOBJ]
Creating Window Object string [Demo_Math_I1Mult_EFOBJ]
Creating Window Object string [Demo_Math_I2Mult_EFOBJ]
Creating Window Object string [Demo_Math_IMultResult_EFOBJ]
Creating Window Object string [Demo_Math_I1Div_EFOBJ]
Creating Window Object string [Demo_Math_I2Div_EFOBJ]
Creating Window Object string [Demo_Math_IDivResult_EFOBJ]
Creating Window Object string [Demo_Math_D1Sum_EFOBJ]
Creating Window Object string [Demo_Math_D2Sum_EFOBJ]
Creating Window Object string [Demo_Math_DSumResult_EFOBJ]
Creating Window Object string [Demo_Math_D1Sub_EFOBJ]
Creating Window Object string [Demo_Math_D2Sub_EFOBJ]
Creating Window Object string [Demo_Math_DSubResult_EFOBJ]
Creating Window Object string [Demo_Math_D1Mult_EFOBJ]
Creating Window Object string [Demo_Math_D2Mult_EFOBJ]
Creating Window Object string [Demo_Math_DMultResult_EFOBJ]
Creating Window Object string [Demo_Math_D1Div_EFOBJ]
Creating Window Object string [Demo_Math_D2Div_EFOBJ]
Creating Window Object string [Demo_Math_DDivResult_EFOBJ]
Creating Window Object string [Demo_Math_Dollar1_STTXT]
Creating Window Object string [Demo_Math_Dollar2_STTXT]
Creating Window Object string [Demo_Math_Rect1_STTXT]
Creating Window Object string [Demo_Math_Rect2_STTXT]
Creating Window Object string [Demo_Math_Rect3_STTXT]
Creating Window Object string [Demo_Math_Rect4_STTXT]
Creating Window Object string [Demo_Math_Rect6_STTXT]
Creating Window Object string [Demo_Math_Rect7_STTXT]
Creating Window Object string [Demo_Math_Rect8_STTXT]
Creating Window Object string [Demo_Math_Rect9_STTXT]
Creating Window Object string [Demo_Size_WIN]
Creating Window Object string [Demo_Select_WIN]
Creating Window Object string [Demo_Select_File_STTXT]
Creating Window Object string [Demo_Search_WIN]
Creating Window Object string [Demo_Search_File_STTXT]
Creating Window Object string [Demo_Search_Search_STTXT]
Creating Window Object string [Demo_Search_String_EFOBJ]
Creating Window Object string [Demo_Search_Sensitive_RBOBJ]
Creating Window Object string [Demo_Search_Insensitive_RBOBJ]
Creating Window Object string [Demo_Search_List_LBOBJ]
Creating Window Object string [Demo_Bitmap_WIN]
Creating Window Object string [Demo_Chart_WIN]
Creating Window Object string [Demo_Chart_Rect1_STTXT]
Creating Window Object string [Demo_Chart_Rect2_STTXT]
Creating Window Object string [Demo_Chart_100_STTXT]
Creating Window Object string [Demo_Chart_50_STTXT]
Creating Window Object string [Demo_Chart_0_STTXT]
Creating Window Object string [Demo_Chart_Var1_STTXT]
Creating Window Object string [Demo_Chart_Var2_STTXT]
Creating Window Object string [Demo_Chart_Var3_STTXT]
Creating Window Object string [Demo_Chart_Black1_STTXT]
Creating Window Object string [Demo_Chart_Black2_STTXT]
Creating Window Object string [Demo_Chart_Black3_STTXT]
Creating Window Object string [Demo_Chart_Data1_STTXT]
Creating Window Object string [Demo_Chart_Data2_STTXT]
Creating Window Object string [Demo_Chart_Data3_STTXT]
Creating Window Object string [Demo_Fields_WIN]
Creating Window Object string [Demo_Fields_Text_STTXT]
Creating Window Object string [Demo_Fields_Frame_STTXT]
Creating Window Object string [Demo_Fields_Check_CBOBJ]
Creating Window Object string [Demo_Fields_Group_GBOBJ]
Creating Window Object string [Demo_Fields_Radio1_RBOBJ]
Creating Window Object string [Demo_Fields_Radio2_RBOBJ]
Creating Window Object string [Demo_Fields_Entry_STTXT]
Creating Window Object string [Demo_Fields_Entry_EFOBJ]
Creating Window Object string [Demo_Fields_List_STTXT]
Creating Window Object string [Demo_Fields_Multilist_STTXT]
Creating Window Object string [Demo_Fields_Simple_COOBJ]
Creating Window Object string [Demo_Fields_Simple_STTXT]
Creating Window Object string [Demo_Fields_Drop_COOBJ]
Creating Window Object string [Demo_Fields_Drop_STTXT]
Creating Window Object string [Demo_Fields_Droplist_STTXT]
Creating Window Object string [Demo_Fields_Droplist_COOBJ]
Creating Window Object string [Demo_Fields_MLE_MLOBJ]
Creating Window Object string [Demo_Fields_User_STTXT]
Creating Window Object string [Demo_Fields_MLE_STTXT]
Creating Window Object string [Demo_Fields_Framet_STTXT]
Creating Window Object string [Demo_Fields_Rect1_STTXT]
Creating Window Object string [Demo_Draw_WIN]
Creating Window Object string [Demo_Music_WIN]
Creating Window Object string [Demo_Music_List_STTXT]
Creating Window Object string [Demo_Music_Divide_STTXT]
Creating Window Object string [Demo_Music_Mode_STTXT]
Creating Window Object string [Demo_Music_Mode_EFOBJ]
Creating Window Object string [Demo_Music_Note_STTXT]
Creating Window Object string [Demo_Music_Duration_STTXT]
Creating Window Object string [Demo_Paint_WIN]
Creating Window Object string [Demo_Paint_Xpos_STTXT]
Creating Window Object string [Demo_Paint_Ypos_STTXT]
Creating Window Object string [Demo_Paint_Xpos_EFOBJ]
Creating Window Object string [Demo_Paint_Ypos_EFOBJ]
Creating Window Object string [Demo_Paint_Mouse_STTXT]
Creating Window Object string [Demo_Paint_Object_STTXT]
Opening Window [Demo_Fields_WIN]
Opening Window 3 [Demo_Fields_WIN]
Creating Window Objects for [Demo_Fields_WIN]
Creating Object [Demo_Fields_WIN][STTXT1][Demo_Fields_Text_STTXT][21][30][52][24]
Creating Object [Demo_Fields_WIN][STTXTF][Demo_Fields_Frame_STTXT][68][72][44][15]
Creating Object [Demo_Fields_WIN][STTXTR][Demo_Fields_Frame_STTXT][69][99][43][9]
Creating Object [Demo_Fields_WIN][CBOBJA][Demo_Fields_Check_CBOBJ][27][126][60][30]
Creating Object [Demo_Fields_WIN][GBOBJ1][Demo_Fields_Group_GBOBJ][24][165][69][102]
Creating Object [Demo_Fields_WIN][RBOBJ1][Demo_Fields_Radio1_RBOBJ][33][195][47][30]
Creating Object [Demo_Fields_WIN][RBOBJ1][Demo_Fields_Radio2_RBOBJ][33][225][50][30]
Creating Object [Demo_Fields_WIN][STTXT1][Demo_Fields_Entry_STTXT][29][285][25][24]
Creating Object [Demo_Fields_WIN][EFOBJL][Demo_Fields_Entry_EFOBJ][60][284][51][25]
Creating Object [Demo_Fields_WIN][LBOBJ1][Demo_Fields_List_LBOBJ][118][75][135][96]
Creating Object [Demo_Fields_WIN][LBOBJM][Demo_Fields_Multilist_LBOBJ][118][216][136][96]
Creating Object [Demo_Fields_WIN][STTXT1][Demo_Fields_List_STTXT][121][39][40][24]
Creating Object [Demo_Fields_WIN][STTXT1][Demo_Fields_Multilist_STTXT][121][183][97][24]
Creating Object [Demo_Fields_WIN][COOBJS][Demo_Fields_Simple_COOBJ][281][72][64][96]
Creating Object [Demo_Fields_WIN][STTXT1][Demo_Fields_Simple_STTXT][273][36][85][24]
Creating Object [Demo_Fields_WIN][COOBJD][Demo_Fields_Drop_COOBJ][281][213][64][96]
Creating Object [Demo_Fields_WIN][STTXT1][Demo_Fields_Drop_STTXT][270][183][100][24]
Creating Object [Demo_Fields_WIN][STTXT1][Demo_Fields_Droplist_STTXT][269][267][115][24]
Creating Object [Demo_Fields_WIN][COOBJL][Demo_Fields_Droplist_COOBJ][283][303][64][96]
Creating Object [Demo_Fields_WIN][MLOBJ1][Demo_Fields_MLE_MLOBJ][26][360][214][123]
Creating Object [Demo_Fields_WIN][UDOBJ1][Demo_Fields_User_UDOBJ][274][387][69][129]
Creating Object [Demo_Fields_WIN][STTXT1][Demo_Fields_User_STTXT][268][354][90][24]
Creating Object [Demo_Fields_WIN][STTXT1][Demo_Fields_MLE_STTXT][29][327][113][24]
Creating Object [Demo_Fields_WIN][PBOBJ1][Demo_Fields_Cancel_PBOBJ][26][509][38][25]
Creating Object [Demo_Fields_WIN][PBOBJ1][Demo_Fields_Push_PBOBJ][75][506][70][25]
Creating Object [Demo_Fields_WIN][PBOBJ1][Demo_Fields_Disable_PBOBJ][170][506][40][25]
Creating Object [Demo_Fields_WIN][PBOBJ1][Demo_Fields_Enable_PBOBJ][215][506][40][25]
Creating Object [Demo_Fields_WIN][STTXT1][Demo_Fields_Framet_STTXT][21][63][30][24]
Creating Object [Demo_Fields_WIN][STTXT1][Demo_Fields_Rect1_STTXT][20][93][45][24]
